<?xml version="1.0" encoding="UTF-8"?>
<testsuite name="gradleselenium.Demo" tests="1" skipped="0" failures="0" errors="0" timestamp="2020-07-01T11:02:03" hostname="SANDEEP" time="57.012">
  <properties/>
  <testcase name="test1" classname="gradleselenium.Demo" time="57.012"/>
  <system-out><![CDATA[Google
]]></system-out>
  <system-err><![CDATA[Starting ChromeDriver 83.0.4103.39 (ccbf011cb2d2b19b506d844400483861342c20cd-refs/branch-heads/4103@{#416}) on port 22339
Only local connections are allowed.
Please see https://chromedriver.chromium.org/security-considerations for suggestions on keeping ChromeDriver safe.
ChromeDriver was started successfully.
Jul 01, 2020 4:32:44 PM org.openqa.selenium.remote.ProtocolHandshake createSession
INFO: Detected dialect: W3C
]]></system-err>
</testsuite>
