<?xml version="1.0" encoding="UTF-8"?>
<!-- Generated by org.testng.reporters.JUnitReportReporter -->
<testsuite name="gradleselenium.Demo" tests="1" time="57.012" ignored="0" failures="0" timestamp="01 Jul 2020 11:03:01 GMT" skipped="0" hostname="sandeep" errors="0">
  <testcase name="test1" time="57.012" classname="gradleselenium.Demo"/>
</testsuite> <!-- gradleselenium.Demo -->
